# JRE version: OpenJDK Runtime Environment Temurin-21.0.4+7 (21.0.4+7) (build 21.0.4+7-LTS)
# Java VM: OpenJDK 64-Bit Server VM Temurin-21.0.4+7 (21.0.4+7-LTS, mixed mode, emulated-client, tiered, compressed oops, compressed class ptrs, g1 gc, windows-amd64)
GC Precious Log:
 CardTable entry size: 512
 Card Set container configuration: InlinePtr #cards 4 size 8 Array Of Cards #cards 16 size 48 Howl #buckets 8 coarsen threshold 3686 Howl Bitmap #cards 512 size 80 coarsen threshold 460 Card regions per heap region 1 cards per card region 4096
 CPUs: 8 total, 8 available
 Memory: 15984M
 Large Page Support: Disabled
 NUMA Support: Disabled
 Compressed Oops: Enabled (Zero based)
 Heap Region Size: 2M
 Heap Min Capacity: 8M
 Heap Initial Capacity: 250M
 Heap Max Capacity: 3998M
 Pre-touch: Disabled
 Parallel Workers: 8
 Concurrent Workers: 2
 Concurrent Refinement Workers: 8
 Periodic GC: Disabled
Heap:
 garbage-first heap   total 96256K, used 76897K [0x0000000706200000, 0x0000000800000000)
  region size 2048K, 20 young (40960K), 1 survivors (2048K)
 Metaspace       used 106742K, committed 108544K, reserved 1179648K
  class space    used 13887K, committed 14656K, reserved 1048576K
GC Heap History (20 events):
Event: 26986.409 GC heap after
{Heap after GC invocations=399 (full 58):
 garbage-first heap   total 96256K, used 36027K [0x0000000706200000, 0x0000000800000000)
  region size 2048K, 2 young (4096K), 2 survivors (4096K)
 Metaspace       used 107628K, committed 109120K, reserved 1179648K
  class space    used 13983K, committed 14656K, reserved 1048576K
}
Event: 27062.886 GC heap before
{Heap before GC invocations=400 (full 58):
 garbage-first heap   total 96256K, used 66747K [0x0000000706200000, 0x0000000800000000)
  region size 2048K, 18 young (36864K), 2 survivors (4096K)
 Metaspace       used 107634K, committed 109120K, reserved 1179648K
  class space    used 13984K, committed 14656K, reserved 1048576K
}
Event: 27062.962 GC heap after
{Heap after GC invocations=401 (full 59):
 garbage-first heap   total 96256K, used 31698K [0x0000000706200000, 0x0000000800000000)
  region size 2048K, 0 young (0K), 0 survivors (0K)
 Metaspace       used 106681K, committed 108736K, reserved 1179648K
  class space    used 13880K, committed 14656K, reserved 1048576K
}
Event: 27064.180 GC heap before
{Heap before GC invocations=401 (full 59):
 garbage-first heap   total 96256K, used 76754K [0x0000000706200000, 0x0000000800000000)
  region size 2048K, 23 young (47104K), 0 survivors (0K)
 Metaspace       used 106927K, committed 108736K, reserved 1179648K
  class space    used 13932K, committed 14656K, reserved 1048576K
}
Event: 27064.186 GC heap after
{Heap after GC invocations=402 (full 59):
 garbage-first heap   total 96256K, used 37347K [0x0000000706200000, 0x0000000800000000)
  region size 2048K, 3 young (6144K), 3 survivors (6144K)
 Metaspace       used 106927K, committed 108736K, reserved 1179648K
  class space    used 13932K, committed 14656K, reserved 1048576K
}
Event: 27065.078 GC heap before
{Heap before GC invocations=403 (full 59):
 garbage-first heap   total 96256K, used 78307K [0x0000000706200000, 0x0000000800000000)
  region size 2048K, 23 young (47104K), 3 survivors (6144K)
 Metaspace       used 107300K, committed 108736K, reserved 1179648K
  class space    used 13976K, committed 14656K, reserved 1048576K
}
Event: 27065.086 GC heap after
{Heap after GC invocations=404 (full 59):
 garbage-first heap   total 96256K, used 41836K [0x0000000706200000, 0x0000000800000000)
  region size 2048K, 3 young (6144K), 3 survivors (6144K)
 Metaspace       used 107300K, committed 108736K, reserved 1179648K
  class space    used 13976K, committed 14656K, reserved 1048576K
}
Event: 27146.673 GC heap before
{Heap before GC invocations=404 (full 59):
 garbage-first heap   total 96256K, used 76652K [0x0000000706200000, 0x0000000800000000)
  region size 2048K, 20 young (40960K), 3 survivors (6144K)
 Metaspace       used 107512K, committed 108864K, reserved 1179648K
  class space    used 13991K, committed 14656K, reserved 1048576K
}
Event: 27146.677 GC heap after
{Heap after GC invocations=405 (full 59):
 garbage-first heap   total 96256K, used 41818K [0x0000000706200000, 0x0000000800000000)
  region size 2048K, 1 young (2048K), 1 survivors (2048K)
 Metaspace       used 107512K, committed 108864K, reserved 1179648K
  class space    used 13991K, committed 14656K, reserved 1048576K
}
Event: 27248.278 GC heap before
{Heap before GC invocations=405 (full 59):
 garbage-first heap   total 96256K, used 82778K [0x0000000706200000, 0x0000000800000000)
  region size 2048K, 21 young (43008K), 1 survivors (2048K)
 Metaspace       used 107512K, committed 108864K, reserved 1179648K
  class space    used 13991K, committed 14656K, reserved 1048576K
}
Event: 27248.280 GC heap after
{Heap after GC invocations=406 (full 59):
 garbage-first heap   total 96256K, used 41199K [0x0000000706200000, 0x0000000800000000)
  region size 2048K, 1 young (2048K), 1 survivors (2048K)
 Metaspace       used 107512K, committed 108864K, reserved 1179648K
  class space    used 13991K, committed 14656K, reserved 1048576K
}
Event: 27349.527 GC heap before
{Heap before GC invocations=407 (full 59):
 garbage-first heap   total 96256K, used 82159K [0x0000000706200000, 0x0000000800000000)
  region size 2048K, 21 young (43008K), 1 survivors (2048K)
 Metaspace       used 106712K, committed 108544K, reserved 1179648K
  class space    used 13881K, committed 14656K, reserved 1048576K
}
Event: 27349.528 GC heap after
{Heap after GC invocations=408 (full 59):
 garbage-first heap   total 96256K, used 41093K [0x0000000706200000, 0x0000000800000000)
  region size 2048K, 1 young (2048K), 1 survivors (2048K)
 Metaspace       used 106712K, committed 108544K, reserved 1179648K
  class space    used 13881K, committed 14656K, reserved 1048576K
}
Event: 27451.129 GC heap before
{Heap before GC invocations=408 (full 59):
 garbage-first heap   total 96256K, used 82053K [0x0000000706200000, 0x0000000800000000)
  region size 2048K, 21 young (43008K), 1 survivors (2048K)
 Metaspace       used 106722K, committed 108544K, reserved 1179648K
  class space    used 13882K, committed 14656K, reserved 1048576K
}
Event: 27451.132 GC heap after
{Heap after GC invocations=409 (full 59):
 garbage-first heap   total 96256K, used 38323K [0x0000000706200000, 0x0000000800000000)
  region size 2048K, 1 young (2048K), 1 survivors (2048K)
 Metaspace       used 106722K, committed 108544K, reserved 1179648K
  class space    used 13882K, committed 14656K, reserved 1048576K
}
Event: 27568.154 GC heap before
{Heap before GC invocations=409 (full 59):
 garbage-first heap   total 96256K, used 85427K [0x0000000706200000, 0x0000000800000000)
  region size 2048K, 24 young (49152K), 1 survivors (2048K)
 Metaspace       used 106722K, committed 108544K, reserved 1179648K
  class space    used 13882K, committed 14656K, reserved 1048576K
}
Event: 27568.156 GC heap after
{Heap after GC invocations=410 (full 59):
 garbage-first heap   total 96256K, used 38318K [0x0000000706200000, 0x0000000800000000)
  region size 2048K, 1 young (2048K), 1 survivors (2048K)
 Metaspace       used 106722K, committed 108544K, reserved 1179648K
  class space    used 13882K, committed 14656K, reserved 1048576K
}
Event: 27685.470 GC heap before
{Heap before GC invocations=411 (full 59):
 garbage-first heap   total 96256K, used 85422K [0x0000000706200000, 0x0000000800000000)
  region size 2048K, 24 young (49152K), 1 survivors (2048K)
 Metaspace       used 106732K, committed 108544K, reserved 1179648K
  class space    used 13884K, committed 14656K, reserved 1048576K
}
Event: 27685.471 GC heap after
{Heap after GC invocations=412 (full 59):
 garbage-first heap   total 96256K, used 38302K [0x0000000706200000, 0x0000000800000000)
  region size 2048K, 1 young (2048K), 1 survivors (2048K)
 Metaspace       used 106732K, committed 108544K, reserved 1179648K
  class space    used 13884K, committed 14656K, reserved 1048576K
}
Event: 27777.564 GC heap before
{Heap before GC invocations=412 (full 59):
 garbage-first heap   total 96256K, used 75166K [0x0000000706200000, 0x0000000800000000)
  region size 2048K, 20 young (40960K), 1 survivors (2048K)
 Metaspace       used 106742K, committed 108544K, reserved 1179648K
  class space    used 13887K, committed 14656K, reserved 1048576K
}

